<?xml version="1.0" encoding="UTF-8"?>
<!-- Generated by org.testng.reporters.JUnitReportReporter -->
<testsuite hostname="Harmeet-PC" failures="0" tests="1" name="com.Tests.automation.facebook" time="0.351" errors="0" timestamp="03 Mar 2020 21:32:17 GMT" skipped="0">
  <testcase classname="com.Tests.automation.facebook" name="testLogin" time="0.351"/>
</testsuite> <!-- com.Tests.automation.facebook -->
