<?xml version="1.0" encoding="UTF-8"?>
<!-- Generated by org.testng.reporters.JUnitReportReporter -->
<testsuite hostname="LAPTOP-6EHNOHDB" failures="0" tests="2" name="com.Tests.automation.NewTest" time="4.484" errors="0" timestamp="21 Aug 2019 17:36:13 GMT" skipped="0">
  <testcase classname="com.Tests.automation.NewTest" name="Test1" time="2.815"/>
  <testcase classname="com.Tests.automation.NewTest" name="Test2" time="1.669"/>
</testsuite> <!-- com.Tests.automation.NewTest -->
