<?xml version="1.0" encoding="UTF-8"?>
<!-- Generated by org.testng.reporters.JUnitReportReporter -->
<testsuite hostname="LAPTOP-6EHNOHDB" failures="0" tests="2" name="com.practice.automation.NewTest" time="2.333" errors="0" timestamp="05 Aug 2019 21:12:37 GMT" skipped="0">
  <testcase classname="com.practice.automation.NewTest" name="Test1" time="1.205"/>
  <testcase classname="com.practice.automation.NewTest" name="Test2" time="1.128"/>
</testsuite> <!-- com.practice.automation.NewTest -->
